<?xml version="1.0" encoding="UTF-8"?>
<!-- Generated by org.testng.reporters.JUnitXMLReporter -->
<testsuite hostname="DESKTOP-6R9UGKN" name="Default test" tests="2" failures="1" timestamp="26 Aug 2019 07:48:21 GMT" time="14.307" errors="0">
  <testcase name="googleLogoTest" time="0.148" classname="com.Selenium.GoogleTitleTest"/>
  <testcase name="googleTitleTest" time="0.022" classname="com.Selenium.GoogleTitleTest">
    <failure type="java.lang.AssertionError" message="title is not matched expected [Google1] but found [Google]">
      <![CDATA[java.lang.AssertionError: title is not matched expected [Google1] but found [Google]
	at com.Selenium.GoogleTitleTest.googleTitleTest(GoogleTitleTest.java:38)
... Removed 29 stack frames]]>
    </failure>
  </testcase> <!-- googleTitleTest -->
</testsuite> <!-- Default test -->
