<?xml version="1.0" encoding="UTF-8"?>
<!-- Generated by org.testng.reporters.JUnitXMLReporter -->
<testsuite hostname="DESKTOP-6R9UGKN" name="Default test(failed)" tests="1" failures="1" timestamp="26 Aug 2019 07:48:38 GMT" time="16.231" errors="0">
  <testcase name="googleTitleTest" time="0.019" classname="com.Selenium.GoogleTitleTest">
    <failure type="java.lang.AssertionError" message="title is not matched expected [Google1] but found [Google]">
      <![CDATA[java.lang.AssertionError: title is not matched expected [Google1] but found [Google]
	at com.Selenium.GoogleTitleTest.googleTitleTest(GoogleTitleTest.java:38)
... Removed 29 stack frames]]>
    </failure>
  </testcase> <!-- googleTitleTest -->
</testsuite> <!-- Default test(failed) -->
